[36m[1mi  emulators:[22m[39m Starting emulators: auth
[36m[1mi  emulators:[22m[39m Detected demo project ID "demo-project", emulated services will use a demo configuration and attempts to access non-emulated services for this project will fail.
[33m[1m!  emulators:[22m[39m It seems that you are running multiple instances of the emulator suite for project demo-project. This may result in unexpected behavior.
[36m[1mi  auth:[22m[39m Importing config from E:\Projects\Websites\kilocal\firebase-emulator-data\auth_export\config.json
[36m[1mi  auth:[22m[39m Importing accounts from E:\Projects\Websites\kilocal\firebase-emulator-data\auth_export\accounts.json
[33m[1m!  emulators:[22m[39m The Emulator UI is not starting, either because none of the running emulators have a UI component or the Emulator UI cannot determine the Project ID. Pass the --project flag to specify a project.

[90mâ”Œâ”€â”€â”€â”€â”€â”€â”€â”€â”€â”€â”€â”€â”€â”€â”€â”€â”€â”€â”€â”€â”€â”€â”€â”€â”€â”€â”€â”€â”€â”€â”€â”€â”€â”€â”€â”€â”€â”€â”€â”€â”€â”€â”€â”€â”€â”€â”€â”€â”€â”€â”€â”€â”€â”€â”€â”€â”€â”€â”€â”€â”€â”[39m
[90mâ”‚[39m [32mâœ”[39m  [1mAll emulators ready! It is now safe to connect your app.[22m [90mâ”‚[39m
[90mâ””â”€â”€â”€â”€â”€â”€â”€â”€â”€â”€â”€â”€â”€â”€â”€â”€â”€â”€â”€â”€â”€â”€â”€â”€â”€â”€â”€â”€â”€â”€â”€â”€â”€â”€â”€â”€â”€â”€â”€â”€â”€â”€â”€â”€â”€â”€â”€â”€â”€â”€â”€â”€â”€â”€â”€â”€â”€â”€â”€â”€â”€â”˜[39m

[90mâ”Œâ”€â”€â”€â”€â”€â”€â”€â”€â”€â”€â”€â”€â”€â”€â”€â”€[39m[90mâ”¬â”€â”€â”€â”€â”€â”€â”€â”€â”€â”€â”€â”€â”€â”€â”€â”€â”[39m
[90mâ”‚[39m[33m Emulator       [39m[90mâ”‚[39m[33m Host:Port      [39m[90mâ”‚[39m
[90mâ”œâ”€â”€â”€â”€â”€â”€â”€â”€â”€â”€â”€â”€â”€â”€â”€â”€[39m[90mâ”¼â”€â”€â”€â”€â”€â”€â”€â”€â”€â”€â”€â”€â”€â”€â”€â”€â”¤[39m
[90mâ”‚[39m Authentication [90mâ”‚[39m 127.0.0.1:9099 [90mâ”‚[39m
[90mâ””â”€â”€â”€â”€â”€â”€â”€â”€â”€â”€â”€â”€â”€â”€â”€â”€[39m[90mâ”´â”€â”€â”€â”€â”€â”€â”€â”€â”€â”€â”€â”€â”€â”€â”€â”€â”˜[39m
[90m  Emulator Hub host: 127.0.0.1 port: 4400[39m
[90m  Other reserved ports:[39m 4500

Issues? Report them at [4m[1mhttps://github.com/firebase/firebase-tools/issues[22m[24m and attach the *-debug.log files.
 
[33m[1m! [22m[39m Multiple projectIds are not recommended in single project mode. Requested project ID ag-kilocal, but the emulator is configured for demo-project. To opt-out of single project mode add/set the '"singleProjectMode"' false' property in the firebase.json emulators config.
[33m[1m! [22m[39m Multiple projectIds are not recommended in single project mode. Requested project ID ag-kilocal, but the emulator is configured for demo-project. To opt-out of single project mode add/set the '"singleProjectMode"' false' property in the firebase.json emulators config.
[33m[1m! [22m[39m Multiple projectIds are not recommended in single project mode. Requested project ID ag-kilocal, but the emulator is configured for demo-project. To opt-out of single project mode add/set the '"singleProjectMode"' false' property in the firebase.json emulators config.
[33m[1m! [22m[39m Multiple projectIds are not recommended in single project mode. Requested project ID ag-kilocal, but the emulator is configured for demo-project. To opt-out of single project mode add/set the '"singleProjectMode"' false' property in the firebase.json emulators config.
[33m[1m! [22m[39m Multiple projectIds are not recommended in single project mode. Requested project ID ag-kilocal, but the emulator is configured for demo-project. To opt-out of single project mode add/set the '"singleProjectMode"' false' property in the firebase.json emulators config.
[33m[1m! [22m[39m Multiple projectIds are not recommended in single project mode. Requested project ID ag-kilocal, but the emulator is configured for demo-project. To opt-out of single project mode add/set the '"singleProjectMode"' false' property in the firebase.json emulators config.
[33m[1m! [22m[39m Multiple projectIds are not recommended in single project mode. Requested project ID ag-kilocal, but the emulator is configured for demo-project. To opt-out of single project mode add/set the '"singleProjectMode"' false' property in the firebase.json emulators config.
[33m[1m! [22m[39m Multiple projectIds are not recommended in single project mode. Requested project ID ag-kilocal, but the emulator is configured for demo-project. To opt-out of single project mode add/set the '"singleProjectMode"' false' property in the firebase.json emulators config.
[33m[1m! [22m[39m Multiple projectIds are not recommended in single project mode. Requested project ID ag-kilocal, but the emulator is configured for demo-project. To opt-out of single project mode add/set the '"singleProjectMode"' false' property in the firebase.json emulators config.
[33m[1m! [22m[39m Multiple projectIds are not recommended in single project mode. Requested project ID ag-kilocal, but the emulator is configured for demo-project. To opt-out of single project mode add/set the '"singleProjectMode"' false' property in the firebase.json emulators config.
[33m[1m! [22m[39m Multiple projectIds are not recommended in single project mode. Requested project ID ag-kilocal, but the emulator is configured for demo-project. To opt-out of single project mode add/set the '"singleProjectMode"' false' property in the firebase.json emulators config.
[33m[1m! [22m[39m Multiple projectIds are not recommended in single project mode. Requested project ID ag-kilocal, but the emulator is configured for demo-project. To opt-out of single project mode add/set the '"singleProjectMode"' false' property in the firebase.json emulators config.
[33m[1m! [22m[39m Multiple projectIds are not recommended in single project mode. Requested project ID ag-kilocal, but the emulator is configured for demo-project. To opt-out of single project mode add/set the '"singleProjectMode"' false' property in the firebase.json emulators config.
[33m[1m! [22m[39m Multiple projectIds are not recommended in single project mode. Requested project ID ag-kilocal, but the emulator is configured for demo-project. To opt-out of single project mode add/set the '"singleProjectMode"' false' property in the firebase.json emulators config.
[33m[1m! [22m[39m Multiple projectIds are not recommended in single project mode. Requested project ID ag-kilocal, but the emulator is configured for demo-project. To opt-out of single project mode add/set the '"singleProjectMode"' false' property in the firebase.json emulators config.
[33m[1m! [22m[39m Multiple projectIds are not recommended in single project mode. Requested project ID ag-kilocal, but the emulator is configured for demo-project. To opt-out of single project mode add/set the '"singleProjectMode"' false' property in the firebase.json emulators config.
[33m[1m! [22m[39m Multiple projectIds are not recommended in single project mode. Requested project ID ag-kilocal, but the emulator is configured for demo-project. To opt-out of single project mode add/set the '"singleProjectMode"' false' property in the firebase.json emulators config.
[33m[1m! [22m[39m Multiple projectIds are not recommended in single project mode. Requested project ID ag-kilocal, but the emulator is configured for demo-project. To opt-out of single project mode add/set the '"singleProjectMode"' false' property in the firebase.json emulators config.
[33m[1m! [22m[39m Multiple projectIds are not recommended in single project mode. Requested project ID ag-kilocal, but the emulator is configured for demo-project. To opt-out of single project mode add/set the '"singleProjectMode"' false' property in the firebase.json emulators config.
[33m[1m! [22m[39m Multiple projectIds are not recommended in single project mode. Requested project ID ag-kilocal, but the emulator is configured for demo-project. To opt-out of single project mode add/set the '"singleProjectMode"' false' property in the firebase.json emulators config.
[33m[1m! [22m[39m Multiple projectIds are not recommended in single project mode. Requested project ID ag-kilocal, but the emulator is configured for demo-project. To opt-out of single project mode add/set the '"singleProjectMode"' false' property in the firebase.json emulators config.
[33m[1m! [22m[39m Multiple projectIds are not recommended in single project mode. Requested project ID ag-kilocal, but the emulator is configured for demo-project. To opt-out of single project mode add/set the '"singleProjectMode"' false' property in the firebase.json emulators config.
[33m[1m! [22m[39m Multiple projectIds are not recommended in single project mode. Requested project ID ag-kilocal, but the emulator is configured for demo-project. To opt-out of single project mode add/set the '"singleProjectMode"' false' property in the firebase.json emulators config.
[33m[1m! [22m[39m Multiple projectIds are not recommended in single project mode. Requested project ID ag-kilocal, but the emulator is configured for demo-project. To opt-out of single project mode add/set the '"singleProjectMode"' false' property in the firebase.json emulators config.
[33m[1m! [22m[39m Multiple projectIds are not recommended in single project mode. Requested project ID ag-kilocal, but the emulator is configured for demo-project. To opt-out of single project mode add/set the '"singleProjectMode"' false' property in the firebase.json emulators config.
[33m[1m! [22m[39m Multiple projectIds are not recommended in single project mode. Requested project ID ag-kilocal, but the emulator is configured for demo-project. To opt-out of single project mode add/set the '"singleProjectMode"' false' property in the firebase.json emulators config.
[33m[1m! [22m[39m Multiple projectIds are not recommended in single project mode. Requested project ID ag-kilocal, but the emulator is configured for demo-project. To opt-out of single project mode add/set the '"singleProjectMode"' false' property in the firebase.json emulators config.
[33m[1m! [22m[39m Multiple projectIds are not recommended in single project mode. Requested project ID ag-kilocal, but the emulator is configured for demo-project. To opt-out of single project mode add/set the '"singleProjectMode"' false' property in the firebase.json emulators config.
[33m[1m! [22m[39m Multiple projectIds are not recommended in single project mode. Requested project ID ag-kilocal, but the emulator is configured for demo-project. To opt-out of single project mode add/set the '"singleProjectMode"' false' property in the firebase.json emulators config.
[33m[1m! [22m[39m Multiple projectIds are not recommended in single project mode. Requested project ID ag-kilocal, but the emulator is configured for demo-project. To opt-out of single project mode add/set the '"singleProjectMode"' false' property in the firebase.json emulators config.
[33m[1m! [22m[39m Multiple projectIds are not recommended in single project mode. Requested project ID ag-kilocal, but the emulator is configured for demo-project. To opt-out of single project mode add/set the '"singleProjectMode"' false' property in the firebase.json emulators config.
[33m[1m! [22m[39m Multiple projectIds are not recommended in single project mode. Requested project ID ag-kilocal, but the emulator is configured for demo-project. To opt-out of single project mode add/set the '"singleProjectMode"' false' property in the firebase.json emulators config.
[33m[1m! [22m[39m Multiple projectIds are not recommended in single project mode. Requested project ID ag-kilocal, but the emulator is configured for demo-project. To opt-out of single project mode add/set the '"singleProjectMode"' false' property in the firebase.json emulators config.
